[ 2016-07-13T10:53:25+08:00 ] 10.0.2.2 /admin
INFO: [ app_init ] --START--
INFO: Run Behavior\BuildLiteBehavior [ RunTime:0.000017s ]
INFO: [ app_init ] --END-- [ RunTime:0.002397s ]
INFO: [ app_begin ] --START--
INFO: Run Behavior\ReadHtmlCacheBehavior [ RunTime:0.003466s ]
INFO: [ app_begin ] --END-- [ RunTime:0.003546s ]
NOTIC: [8] Undefined index: admin_uid /media/sf_www/jvyoujia_trunk/ThinkPHP/Library/Org/Util/Rbac.class.php 第 169 行.
SQL: select node.id,node.name from hx_auth_role as role,hx_auth_user as user,hx_auth_access as access ,hx_auth_node as node where user.user_id='' and user.role_id=role.id and ( access.role_id=role.id  or (access.role_id=role.pid and role.pid!=0 ) ) and role.status=1 and access.node_id=node.id and node.level=1 and node.status=1 [ RunTime:0.0129s ]

[ 2016-07-13T10:53:28+08:00 ] 10.0.2.2 /Admin/Login/login
INFO: [ app_init ] --START--
INFO: Run Behavior\BuildLiteBehavior [ RunTime:0.000018s ]
INFO: [ app_init ] --END-- [ RunTime:0.000570s ]
INFO: [ app_begin ] --START--
INFO: Run Behavior\ReadHtmlCacheBehavior [ RunTime:0.000744s ]
INFO: [ app_begin ] --END-- [ RunTime:0.000795s ]
INFO: [ view_parse ] --START--
INFO: [ template_filter ] --START--
INFO: Run Behavior\ContentReplaceBehavior [ RunTime:0.000046s ]
INFO: [ template_filter ] --END-- [ RunTime:0.000100s ]
INFO: Run Behavior\ParseTemplateBehavior [ RunTime:0.023092s ]
INFO: [ view_parse ] --END-- [ RunTime:0.023163s ]
INFO: [ view_filter ] --START--
INFO: Run Behavior\WriteHtmlCacheBehavior [ RunTime:0.002762s ]
INFO: [ view_filter ] --END-- [ RunTime:0.002808s ]
INFO: [ app_end ] --START--
INFO: Run Behavior\ShowPageTraceBehavior [ RunTime:0.003540s ]
INFO: [ app_end ] --END-- [ RunTime:0.003593s ]

[ 2016-07-13T11:09:27+08:00 ] 10.0.2.2 /Admin/Login/login
INFO: [ app_init ] --START--
INFO: Run Behavior\BuildLiteBehavior [ RunTime:0.000016s ]
INFO: [ app_init ] --END-- [ RunTime:0.000895s ]
INFO: [ app_begin ] --START--
INFO: Run Behavior\ReadHtmlCacheBehavior [ RunTime:0.000899s ]
INFO: [ app_begin ] --END-- [ RunTime:0.000958s ]
ERR: SQLSTATE[28000] [1045] Access denied for user 'root'@'YanhuaiangDeMBP.lan' (using password: YES)

[ 2016-07-13T11:09:50+08:00 ] 10.0.2.2 /Admin/Login/login
INFO: [ app_init ] --START--
INFO: Run Behavior\BuildLiteBehavior [ RunTime:0.000016s ]
INFO: [ app_init ] --END-- [ RunTime:0.000577s ]
INFO: [ app_begin ] --START--
INFO: Run Behavior\ReadHtmlCacheBehavior [ RunTime:0.000931s ]
INFO: [ app_begin ] --END-- [ RunTime:0.000998s ]
INFO: [ view_parse ] --START--
INFO: [ template_filter ] --START--
INFO: Run Behavior\ContentReplaceBehavior [ RunTime:0.000049s ]
INFO: [ template_filter ] --END-- [ RunTime:0.000102s ]
INFO: Run Behavior\ParseTemplateBehavior [ RunTime:0.011916s ]
INFO: [ view_parse ] --END-- [ RunTime:0.012015s ]
INFO: [ view_filter ] --START--
INFO: Run Behavior\WriteHtmlCacheBehavior [ RunTime:0.000750s ]
INFO: [ view_filter ] --END-- [ RunTime:0.000788s ]
INFO: [ app_end ] --START--
INFO: Run Behavior\ShowPageTraceBehavior [ RunTime:0.000743s ]
INFO: [ app_end ] --END-- [ RunTime:0.000782s ]

[ 2016-07-13T11:09:52+08:00 ] 10.0.2.2 /Admin/Login/login
INFO: [ app_init ] --START--
INFO: Run Behavior\BuildLiteBehavior [ RunTime:0.000016s ]
INFO: [ app_init ] --END-- [ RunTime:0.000087s ]
INFO: [ app_begin ] --START--
INFO: Run Behavior\ReadHtmlCacheBehavior [ RunTime:0.000285s ]
INFO: [ app_begin ] --END-- [ RunTime:0.000349s ]
SQL: SHOW COLUMNS FROM `hx_auth_user` [ RunTime:0.0020s ]
NOTIC: [8] Undefined index: validate /media/sf_www/jvyoujia_trunk/ThinkPHP/Library/Think/Model.class.php 第 1184 行.
NOTIC: [8] Undefined index: auto /media/sf_www/jvyoujia_trunk/ThinkPHP/Library/Think/Model.class.php 第 1127 行.
SQL: SHOW COLUMNS FROM `hx_auth_user` [ RunTime:0.0039s ]
SQL: SELECT * FROM `hx_auth_user` WHERE `username` = 'admin' LIMIT 1   [ RunTime:0.0043s ]
SQL: SHOW COLUMNS FROM `hx_auth_role` [ RunTime:0.0073s ]
SQL: SELECT `name` FROM `hx_auth_role` LIMIT 1   [ RunTime:0.0016s ]
SQL: SHOW COLUMNS FROM `hx_user` [ RunTime:0.0031s ]
SQL: SELECT * FROM `hx_auth_user` WHERE `user_id` = 7 LIMIT 1   [ RunTime:0.0113s ]
SQL: SHOW COLUMNS FROM `hx_operate_log` [ RunTime:0.0021s ]
SQL: INSERT INTO `hx_operate_log` (`table_id`,`table_name`,`admin_uid`,`type`,`content`,`create_time`) VALUES ('7','auth_user','7','2','{\"user_id\":\"7\",\"fid\":\"0\",\"username\":\"admin\",\"password\":\"e10adc3949ba59abbe56e057f20f883e\",\"nickname\":\"gaorenhua\",\"regdate\":\"1444826229\",\"lastdate\":\"1449546031\",\"regip\":\"127.0.0.1\",\"lastip\":\"172.16.13.184\",\"loginnum\":\"245\",\"email\":\"597170962@qq.com\",\"message\":\"0\",\"islock\":\"0\",\"vip\":\"0\",\"overduedate\":\"0\",\"mobile\":\"15318776618\",\"role_id\":\"0\"}','2016-07-13 11:09:52') [ RunTime:0.0026s ]
INFO: [ view_parse ] --START--
INFO: [ template_filter ] --START--
INFO: Run Behavior\ContentReplaceBehavior [ RunTime:0.000052s ]
INFO: [ template_filter ] --END-- [ RunTime:0.000120s ]
INFO: Run Behavior\ParseTemplateBehavior [ RunTime:0.013168s ]
INFO: [ view_parse ] --END-- [ RunTime:0.013235s ]
INFO: [ view_filter ] --START--
INFO: Run Behavior\WriteHtmlCacheBehavior [ RunTime:0.000282s ]
INFO: [ view_filter ] --END-- [ RunTime:0.000321s ]
INFO: [ app_end ] --START--
INFO: Run Behavior\ShowPageTraceBehavior [ RunTime:0.000452s ]
INFO: [ app_end ] --END-- [ RunTime:0.000515s ]

[ 2016-07-13T11:09:53+08:00 ] 10.0.2.2 /Admin/Index/index
INFO: [ app_init ] --START--
INFO: Run Behavior\BuildLiteBehavior [ RunTime:0.000016s ]
INFO: [ app_init ] --END-- [ RunTime:0.000558s ]
INFO: [ app_begin ] --START--
INFO: Run Behavior\ReadHtmlCacheBehavior [ RunTime:0.000830s ]
INFO: [ app_begin ] --END-- [ RunTime:0.000893s ]
INFO: [ view_parse ] --START--
INFO: [ template_filter ] --START--
INFO: Run Behavior\ContentReplaceBehavior [ RunTime:0.000063s ]
INFO: [ template_filter ] --END-- [ RunTime:0.000121s ]
INFO: Run Behavior\ParseTemplateBehavior [ RunTime:0.023783s ]
INFO: [ view_parse ] --END-- [ RunTime:0.023846s ]
INFO: [ view_filter ] --START--
INFO: Run Behavior\WriteHtmlCacheBehavior [ RunTime:0.000835s ]
INFO: [ view_filter ] --END-- [ RunTime:0.000875s ]
INFO: [ app_end ] --START--
INFO: Run Behavior\ShowPageTraceBehavior [ RunTime:0.000774s ]
INFO: [ app_end ] --END-- [ RunTime:0.000816s ]

[ 2016-07-13T11:09:53+08:00 ] 10.0.2.2 /Admin/Statistics/Ajax4Home.html
INFO: [ app_init ] --START--
INFO: Run Behavior\BuildLiteBehavior [ RunTime:0.000017s ]
INFO: [ app_init ] --END-- [ RunTime:0.000126s ]
INFO: [ app_begin ] --START--
INFO: Run Behavior\ReadHtmlCacheBehavior [ RunTime:0.000505s ]
INFO: [ app_begin ] --END-- [ RunTime:0.000564s ]

[ 2016-07-13T11:09:55+08:00 ] 10.0.2.2 /Admin/login/logout.html
INFO: [ app_init ] --START--
INFO: Run Behavior\BuildLiteBehavior [ RunTime:0.000012s ]
INFO: [ app_init ] --END-- [ RunTime:0.000081s ]
INFO: [ app_begin ] --START--
INFO: Run Behavior\ReadHtmlCacheBehavior [ RunTime:0.000294s ]
INFO: [ app_begin ] --END-- [ RunTime:0.000349s ]

[ 2016-07-13T11:09:57+08:00 ] 10.0.2.2 /Admin/Login/login.html
INFO: [ app_init ] --START--
INFO: Run Behavior\BuildLiteBehavior [ RunTime:0.000016s ]
INFO: [ app_init ] --END-- [ RunTime:0.000560s ]
INFO: [ app_begin ] --START--
INFO: Run Behavior\ReadHtmlCacheBehavior [ RunTime:0.000966s ]
INFO: [ app_begin ] --END-- [ RunTime:0.001024s ]
INFO: [ view_parse ] --START--
INFO: [ template_filter ] --START--
INFO: Run Behavior\ContentReplaceBehavior [ RunTime:0.000044s ]
INFO: [ template_filter ] --END-- [ RunTime:0.000091s ]
INFO: Run Behavior\ParseTemplateBehavior [ RunTime:0.010704s ]
INFO: [ view_parse ] --END-- [ RunTime:0.010763s ]
INFO: [ view_filter ] --START--
INFO: Run Behavior\WriteHtmlCacheBehavior [ RunTime:0.000957s ]
INFO: [ view_filter ] --END-- [ RunTime:0.000995s ]
INFO: [ app_end ] --START--
INFO: Run Behavior\ShowPageTraceBehavior [ RunTime:0.000916s ]
INFO: [ app_end ] --END-- [ RunTime:0.000954s ]

[ 2016-07-13T11:10:05+08:00 ] 10.0.2.2 /Admin/Login/login.html
INFO: [ app_init ] --START--
INFO: Run Behavior\BuildLiteBehavior [ RunTime:0.000019s ]
INFO: [ app_init ] --END-- [ RunTime:0.000833s ]
INFO: [ app_begin ] --START--
INFO: Run Behavior\ReadHtmlCacheBehavior [ RunTime:0.001486s ]
INFO: [ app_begin ] --END-- [ RunTime:0.001562s ]
SQL: SHOW COLUMNS FROM `hx_auth_user` [ RunTime:0.0021s ]
NOTIC: [8] Undefined index: validate /media/sf_www/jvyoujia_trunk/ThinkPHP/Library/Think/Model.class.php 第 1184 行.
NOTIC: [8] Undefined index: auto /media/sf_www/jvyoujia_trunk/ThinkPHP/Library/Think/Model.class.php 第 1127 行.
SQL: SHOW COLUMNS FROM `hx_auth_user` [ RunTime:0.0038s ]
SQL: SELECT * FROM `hx_auth_user` WHERE `username` = 'admin' LIMIT 1   [ RunTime:0.0020s ]
INFO: [ view_parse ] --START--
INFO: [ template_filter ] --START--
INFO: Run Behavior\ContentReplaceBehavior [ RunTime:0.000048s ]
INFO: [ template_filter ] --END-- [ RunTime:0.000105s ]
INFO: Run Behavior\ParseTemplateBehavior [ RunTime:0.015060s ]
INFO: [ view_parse ] --END-- [ RunTime:0.015134s ]
INFO: [ view_filter ] --START--
INFO: Run Behavior\WriteHtmlCacheBehavior [ RunTime:0.000771s ]
INFO: [ view_filter ] --END-- [ RunTime:0.000810s ]

[ 2016-07-13T11:10:08+08:00 ] 10.0.2.2 /Admin/Login/login.html
INFO: [ app_init ] --START--
INFO: Run Behavior\BuildLiteBehavior [ RunTime:0.000020s ]
INFO: [ app_init ] --END-- [ RunTime:0.000547s ]
INFO: [ app_begin ] --START--
INFO: Run Behavior\ReadHtmlCacheBehavior [ RunTime:0.000548s ]
INFO: [ app_begin ] --END-- [ RunTime:0.000608s ]
INFO: [ view_parse ] --START--
INFO: [ template_filter ] --START--
INFO: Run Behavior\ContentReplaceBehavior [ RunTime:0.000050s ]
INFO: [ template_filter ] --END-- [ RunTime:0.000112s ]
INFO: Run Behavior\ParseTemplateBehavior [ RunTime:0.009830s ]
INFO: [ view_parse ] --END-- [ RunTime:0.009902s ]
INFO: [ view_filter ] --START--
INFO: Run Behavior\WriteHtmlCacheBehavior [ RunTime:0.000770s ]
INFO: [ view_filter ] --END-- [ RunTime:0.000811s ]
INFO: [ app_end ] --START--
INFO: Run Behavior\ShowPageTraceBehavior [ RunTime:0.001026s ]
INFO: [ app_end ] --END-- [ RunTime:0.001067s ]

[ 2016-07-13T11:10:15+08:00 ] 10.0.2.2 /Admin/Login/login.html
INFO: [ app_init ] --START--
INFO: Run Behavior\BuildLiteBehavior [ RunTime:0.000021s ]
INFO: [ app_init ] --END-- [ RunTime:0.001187s ]
INFO: [ app_begin ] --START--
INFO: Run Behavior\ReadHtmlCacheBehavior [ RunTime:0.000817s ]
INFO: [ app_begin ] --END-- [ RunTime:0.000898s ]
SQL: SHOW COLUMNS FROM `hx_auth_user` [ RunTime:0.0024s ]
NOTIC: [8] Undefined index: validate /media/sf_www/jvyoujia_trunk/ThinkPHP/Library/Think/Model.class.php 第 1184 行.
NOTIC: [8] Undefined index: auto /media/sf_www/jvyoujia_trunk/ThinkPHP/Library/Think/Model.class.php 第 1127 行.
SQL: SHOW COLUMNS FROM `hx_auth_user` [ RunTime:0.0020s ]
SQL: SELECT * FROM `hx_auth_user` WHERE `username` = 'admin' LIMIT 1   [ RunTime:0.0019s ]
SQL: SHOW COLUMNS FROM `hx_auth_role` [ RunTime:0.0017s ]
SQL: SELECT `name` FROM `hx_auth_role` LIMIT 1   [ RunTime:0.0037s ]
SQL: SHOW COLUMNS FROM `hx_user` [ RunTime:0.0026s ]
SQL: SELECT * FROM `hx_auth_user` WHERE `user_id` = 7 LIMIT 1   [ RunTime:0.0021s ]
SQL: SHOW COLUMNS FROM `hx_operate_log` [ RunTime:0.0020s ]
SQL: INSERT INTO `hx_operate_log` (`table_id`,`table_name`,`admin_uid`,`type`,`content`,`create_time`) VALUES ('7','auth_user','7','2','{\"user_id\":\"7\",\"fid\":\"0\",\"username\":\"admin\",\"password\":\"e10adc3949ba59abbe56e057f20f883e\",\"nickname\":\"gaorenhua\",\"regdate\":\"1444826229\",\"lastdate\":\"1449546031\",\"regip\":\"127.0.0.1\",\"lastip\":\"172.16.13.184\",\"loginnum\":\"245\",\"email\":\"597170962@qq.com\",\"message\":\"0\",\"islock\":\"0\",\"vip\":\"0\",\"overduedate\":\"0\",\"mobile\":\"15318776618\",\"role_id\":\"0\"}','2016-07-13 11:10:14') [ RunTime:0.0020s ]
INFO: [ view_parse ] --START--
INFO: [ template_filter ] --START--
INFO: Run Behavior\ContentReplaceBehavior [ RunTime:0.000045s ]
INFO: [ template_filter ] --END-- [ RunTime:0.000097s ]
INFO: Run Behavior\ParseTemplateBehavior [ RunTime:0.010490s ]
INFO: [ view_parse ] --END-- [ RunTime:0.010567s ]
INFO: [ view_filter ] --START--
INFO: Run Behavior\WriteHtmlCacheBehavior [ RunTime:0.000882s ]
INFO: [ view_filter ] --END-- [ RunTime:0.000928s ]
INFO: [ app_end ] --START--
INFO: Run Behavior\ShowPageTraceBehavior [ RunTime:0.001198s ]
INFO: [ app_end ] --END-- [ RunTime:0.001246s ]

[ 2016-07-13T11:10:16+08:00 ] 10.0.2.2 /Admin/Index/index
INFO: [ app_init ] --START--
INFO: Run Behavior\BuildLiteBehavior [ RunTime:0.000012s ]
INFO: [ app_init ] --END-- [ RunTime:0.000083s ]
INFO: [ app_begin ] --START--
INFO: Run Behavior\ReadHtmlCacheBehavior [ RunTime:0.000372s ]
INFO: [ app_begin ] --END-- [ RunTime:0.000438s ]
INFO: [ view_parse ] --START--
INFO: [ template_filter ] --START--
INFO: Run Behavior\ContentReplaceBehavior [ RunTime:0.000066s ]
INFO: [ template_filter ] --END-- [ RunTime:0.000121s ]
INFO: Run Behavior\ParseTemplateBehavior [ RunTime:0.016453s ]
INFO: [ view_parse ] --END-- [ RunTime:0.016514s ]
INFO: [ view_filter ] --START--
INFO: Run Behavior\WriteHtmlCacheBehavior [ RunTime:0.000277s ]
INFO: [ view_filter ] --END-- [ RunTime:0.000314s ]
INFO: [ app_end ] --START--
INFO: Run Behavior\ShowPageTraceBehavior [ RunTime:0.000274s ]
INFO: [ app_end ] --END-- [ RunTime:0.000314s ]

[ 2016-07-13T11:10:16+08:00 ] 10.0.2.2 /Admin/Statistics/Ajax4Home.html
INFO: [ app_init ] --START--
INFO: Run Behavior\BuildLiteBehavior [ RunTime:0.000014s ]
INFO: [ app_init ] --END-- [ RunTime:0.000092s ]
INFO: [ app_begin ] --START--
INFO: Run Behavior\ReadHtmlCacheBehavior [ RunTime:0.000737s ]
INFO: [ app_begin ] --END-- [ RunTime:0.000795s ]

[ 2016-07-13T11:13:03+08:00 ] 10.0.2.2 /Admin/Partner/index.html
INFO: [ app_init ] --START--
INFO: Run Behavior\BuildLiteBehavior [ RunTime:0.000016s ]
INFO: [ app_init ] --END-- [ RunTime:0.000645s ]
INFO: [ app_begin ] --START--
INFO: Run Behavior\ReadHtmlCacheBehavior [ RunTime:0.000953s ]
INFO: [ app_begin ] --END-- [ RunTime:0.001014s ]
SQL: SHOW COLUMNS FROM `hx_user` [ RunTime:0.0053s ]
SQL: SELECT COUNT(*) AS tp_count FROM ( SELECT u.*,count(su.uid) as count_fans FROM hx_user u LEFT JOIN hx_view_all_fans su ON u.uid=su.invite_id  WHERE u.partner_status = 9 AND u.subscribe_time > 0 GROUP BY u.uid ORDER BY u.uid DESC  ) a LIMIT 1   [ RunTime:0.0041s ]
SQL: SELECT * FROM ( SELECT u.*,count(su.uid) as count_fans FROM hx_user u LEFT JOIN hx_view_all_fans su ON u.uid=su.invite_id  WHERE u.partner_status = 9 AND u.subscribe_time > 0 GROUP BY u.uid ORDER BY u.uid DESC  ) a LIMIT 0,25   [ RunTime:0.0041s ]
SQL: SELECT COUNT(*) AS tp_count FROM `hx_user` WHERE `partner_status` = 9 AND `create_time` >= 1468339200 AND `subscribe_time` > 0 LIMIT 1   [ RunTime:0.0019s ]
SQL: SELECT COUNT(*) AS tp_count FROM `hx_user` WHERE `partner_status` = 9 AND `subscribe_time` > 0 LIMIT 1   [ RunTime:0.0017s ]
SQL: SHOW COLUMNS FROM `hx_attribute` [ RunTime:0.0017s ]
SQL: SELECT * FROM `hx_attribute` WHERE `type` = 'partner_group' AND `status` = 0 ORDER BY id ASC  [ RunTime:0.0014s ]
SQL: SELECT * FROM `hx_attribute` WHERE `type` = 'partner_tag' AND `status` = 0 ORDER BY id ASC  [ RunTime:0.0019s ]
INFO: [ view_parse ] --START--
INFO: [ template_filter ] --START--
INFO: Run Behavior\ContentReplaceBehavior [ RunTime:0.000084s ]
INFO: [ template_filter ] --END-- [ RunTime:0.000137s ]
INFO: Run Behavior\ParseTemplateBehavior [ RunTime:0.027142s ]
INFO: [ view_parse ] --END-- [ RunTime:0.027199s ]
INFO: [ view_filter ] --START--
INFO: Run Behavior\WriteHtmlCacheBehavior [ RunTime:0.000971s ]
INFO: [ view_filter ] --END-- [ RunTime:0.001010s ]
INFO: [ app_end ] --START--
INFO: Run Behavior\ShowPageTraceBehavior [ RunTime:0.001385s ]
INFO: [ app_end ] --END-- [ RunTime:0.001429s ]

[ 2016-07-13T16:38:35+08:00 ] 10.0.2.2 /Admin/Activity/couponlist.html
INFO: [ app_init ] --START--
INFO: Run Behavior\BuildLiteBehavior [ RunTime:0.000016s ]
INFO: [ app_init ] --END-- [ RunTime:0.000603s ]
INFO: [ app_begin ] --START--
INFO: Run Behavior\ReadHtmlCacheBehavior [ RunTime:0.000743s ]
INFO: [ app_begin ] --END-- [ RunTime:0.000807s ]
NOTIC: [8] Undefined index: admin_uid /media/sf_www/jvyoujia_trunk/ThinkPHP/Library/Org/Util/Rbac.class.php 第 169 行.
SQL: select node.id,node.name from hx_auth_role as role,hx_auth_user as user,hx_auth_access as access ,hx_auth_node as node where user.user_id='' and user.role_id=role.id and ( access.role_id=role.id  or (access.role_id=role.pid and role.pid!=0 ) ) and role.status=1 and access.node_id=node.id and node.level=1 and node.status=1 [ RunTime:0.0026s ]

[ 2016-07-13T16:38:37+08:00 ] 10.0.2.2 /Admin/Login/login
INFO: [ app_init ] --START--
INFO: Run Behavior\BuildLiteBehavior [ RunTime:0.000014s ]
INFO: [ app_init ] --END-- [ RunTime:0.000096s ]
INFO: [ app_begin ] --START--
INFO: Run Behavior\ReadHtmlCacheBehavior [ RunTime:0.000285s ]
INFO: [ app_begin ] --END-- [ RunTime:0.000345s ]
INFO: [ view_parse ] --START--
INFO: [ template_filter ] --START--
INFO: Run Behavior\ContentReplaceBehavior [ RunTime:0.000051s ]
INFO: [ template_filter ] --END-- [ RunTime:0.000113s ]
INFO: Run Behavior\ParseTemplateBehavior [ RunTime:0.013245s ]
INFO: [ view_parse ] --END-- [ RunTime:0.013299s ]
INFO: [ view_filter ] --START--
INFO: Run Behavior\WriteHtmlCacheBehavior [ RunTime:0.001422s ]
INFO: [ view_filter ] --END-- [ RunTime:0.001465s ]
INFO: [ app_end ] --START--
INFO: Run Behavior\ShowPageTraceBehavior [ RunTime:0.000764s ]
INFO: [ app_end ] --END-- [ RunTime:0.000803s ]

